0 info it worked if it ends with ok
1 verbose cli [ 'node', '/usr/local/bin/npm', 'install', '-g', 'coffee-script' ]
2 info using npm@1.4.14
3 info using node@v0.10.29
4 verbose cache add [ 'coffee-script', null ]
5 verbose cache add name=undefined spec="coffee-script" args=["coffee-script",null]
6 verbose parsed url { protocol: null,
6 verbose parsed url   slashes: null,
6 verbose parsed url   auth: null,
6 verbose parsed url   host: null,
6 verbose parsed url   port: null,
6 verbose parsed url   hostname: null,
6 verbose parsed url   hash: null,
6 verbose parsed url   search: null,
6 verbose parsed url   query: null,
6 verbose parsed url   pathname: 'coffee-script',
6 verbose parsed url   path: 'coffee-script',
6 verbose parsed url   href: 'coffee-script' }
7 silly lockFile ab358269-coffee-script coffee-script
8 verbose lock coffee-script /Users/ianva/.npm/ab358269-coffee-script.lock
9 silly lockFile ab358269-coffee-script coffee-script
10 silly lockFile ab358269-coffee-script coffee-script
11 verbose addNamed [ 'coffee-script', '' ]
12 verbose addNamed [ null, '*' ]
13 silly lockFile 53951495-coffee-script coffee-script@
14 verbose lock coffee-script@ /Users/ianva/.npm/53951495-coffee-script.lock
15 silly addNameRange { name: 'coffee-script', range: '*', hasData: false }
16 verbose url raw coffee-script
17 verbose url resolving [ 'https://registry.npmjs.org/', './coffee-script' ]
18 verbose url resolved https://registry.npmjs.org/coffee-script
19 info trying registry request attempt 1 at 14:26:41
20 http GET https://registry.npmjs.org/coffee-script
21 http 200 https://registry.npmjs.org/coffee-script
22 silly registry.get cb [ 200,
22 silly registry.get   { server: 'CouchDB/1.5.0 (Erlang OTP/R16B03)',
22 silly registry.get     etag: '"6DJ5S09MCZ7VH09HLYYQU949P"',
22 silly registry.get     'content-type': 'application/json',
22 silly registry.get     'cache-control': 'max-age=60',
22 silly registry.get     'content-length': '37406',
22 silly registry.get     'accept-ranges': 'bytes',
22 silly registry.get     date: 'Tue, 19 May 2015 06:26:41 GMT',
22 silly registry.get     via: '1.1 varnish',
22 silly registry.get     age: '2',
22 silly registry.get     connection: 'keep-alive',
22 silly registry.get     'x-served-by': 'cache-nrt6131-NRT',
22 silly registry.get     'x-cache': 'HIT',
22 silly registry.get     'x-cache-hits': '2',
22 silly registry.get     'x-timer': 'S1432016801.968368,VS0,VE0',
22 silly registry.get     vary: 'Accept' } ]
23 silly addNameRange number 2 { name: 'coffee-script', range: '*', hasData: true }
24 silly addNameRange versions [ 'coffee-script',
24 silly addNameRange   [ '0.7.0',
24 silly addNameRange     '0.7.1',
24 silly addNameRange     '0.7.2',
24 silly addNameRange     '0.9.0',
24 silly addNameRange     '0.9.1',
24 silly addNameRange     '0.9.2',
24 silly addNameRange     '0.9.3',
24 silly addNameRange     '0.9.4',
24 silly addNameRange     '0.9.5',
24 silly addNameRange     '0.9.6',
24 silly addNameRange     '1.0.0',
24 silly addNameRange     '1.0.1',
24 silly addNameRange     '1.1.0',
24 silly addNameRange     '1.1.1',
24 silly addNameRange     '1.1.2',
24 silly addNameRange     '1.1.3',
24 silly addNameRange     '1.2.0',
24 silly addNameRange     '1.3.0',
24 silly addNameRange     '1.3.1',
24 silly addNameRange     '1.3.2',
24 silly addNameRange     '1.3.3',
24 silly addNameRange     '1.4.0',
24 silly addNameRange     '1.5.0',
24 silly addNameRange     '1.6.0',
24 silly addNameRange     '1.6.1',
24 silly addNameRange     '1.6.2',
24 silly addNameRange     '1.6.3',
24 silly addNameRange     '1.7.0',
24 silly addNameRange     '1.7.1',
24 silly addNameRange     '1.8.0',
24 silly addNameRange     '1.9.0',
24 silly addNameRange     '1.9.1',
24 silly addNameRange     '1.9.2' ] ]
25 verbose addNamed [ 'coffee-script', '1.9.2' ]
26 verbose addNamed [ '1.9.2', '1.9.2' ]
27 silly lockFile 23048476-coffee-script-1-9-2 coffee-script@1.9.2
28 verbose lock coffee-script@1.9.2 /Users/ianva/.npm/23048476-coffee-script-1-9-2.lock
29 silly lockFile f263ecab-e-script-coffee-script-1-9-2-tgz https://registry.npmjs.org/coffee-script/-/coffee-script-1.9.2.tgz
30 verbose lock https://registry.npmjs.org/coffee-script/-/coffee-script-1.9.2.tgz /Users/ianva/.npm/f263ecab-e-script-coffee-script-1-9-2-tgz.lock
31 verbose addRemoteTarball [ 'https://registry.npmjs.org/coffee-script/-/coffee-script-1.9.2.tgz',
31 verbose addRemoteTarball   '2da4b663c61c6d1d851788aa31f941fc7b63edf3' ]
32 info retry fetch attempt 1 at 14:26:42
33 verbose fetch to= /var/folders/wd/c9tlxrds4319jp6pxbl_vjgh0000gr/T/npm-21594-nvHFU-3X/registry.npmjs.org/coffee-script/-/coffee-script-1.9.2.tgz
34 http GET https://registry.npmjs.org/coffee-script/-/coffee-script-1.9.2.tgz
35 http 200 https://registry.npmjs.org/coffee-script/-/coffee-script-1.9.2.tgz
36 silly lockFile f263ecab-e-script-coffee-script-1-9-2-tgz https://registry.npmjs.org/coffee-script/-/coffee-script-1.9.2.tgz
37 silly lockFile f263ecab-e-script-coffee-script-1-9-2-tgz https://registry.npmjs.org/coffee-script/-/coffee-script-1.9.2.tgz
38 silly lockFile 23048476-coffee-script-1-9-2 coffee-script@1.9.2
39 silly lockFile 23048476-coffee-script-1-9-2 coffee-script@1.9.2
40 silly lockFile 53951495-coffee-script coffee-script@
41 silly lockFile 53951495-coffee-script coffee-script@
42 silly resolved [ { name: 'coffee-script',
42 silly resolved     description: 'Unfancy JavaScript',
42 silly resolved     keywords: [ 'javascript', 'language', 'coffeescript', 'compiler' ],
42 silly resolved     author: { name: 'Jeremy Ashkenas' },
42 silly resolved     version: '1.9.2',
42 silly resolved     license: 'MIT',
42 silly resolved     engines: { node: '>=0.8.0' },
42 silly resolved     directories: { lib: './lib/coffee-script' },
42 silly resolved     main: './lib/coffee-script/coffee-script',
42 silly resolved     bin: { coffee: './bin/coffee', cake: './bin/cake' },
42 silly resolved     preferGlobal: true,
42 silly resolved     scripts:
42 silly resolved      { test: 'node ./bin/cake test',
42 silly resolved        'test-harmony': 'node --harmony ./bin/cake test' },
42 silly resolved     homepage: 'http://coffeescript.org',
42 silly resolved     bugs: { url: 'https://github.com/jashkenas/coffeescript/issues' },
42 silly resolved     repository:
42 silly resolved      { type: 'git',
42 silly resolved        url: 'git://github.com/jashkenas/coffeescript.git' },
42 silly resolved     devDependencies:
42 silly resolved      { 'uglify-js': '~2.2',
42 silly resolved        jison: '>=0.2.0',
42 silly resolved        'highlight.js': '~8.0.0',
42 silly resolved        underscore: '~1.5.2',
42 silly resolved        docco: '~0.7.0' },
42 silly resolved     gitHead: '46d16b5c4970c6e4d8a8d08caaed16d488a5577d',
42 silly resolved     _id: 'coffee-script@1.9.2',
42 silly resolved     _shasum: '2da4b663c61c6d1d851788aa31f941fc7b63edf3',
42 silly resolved     _from: 'coffee-script@',
42 silly resolved     _npmVersion: '1.4.28',
42 silly resolved     _npmUser: { name: 'jashkenas', email: 'jashkenas@gmail.com' },
42 silly resolved     maintainers: [ [Object], [Object] ],
42 silly resolved     dist:
42 silly resolved      { shasum: '2da4b663c61c6d1d851788aa31f941fc7b63edf3',
42 silly resolved        tarball: 'http://registry.npmjs.org/coffee-script/-/coffee-script-1.9.2.tgz' },
42 silly resolved     _resolved: 'https://registry.npmjs.org/coffee-script/-/coffee-script-1.9.2.tgz' } ]
43 info install coffee-script@1.9.2 into /usr/local/lib
44 info installOne coffee-script@1.9.2
45 info /usr/local/lib/node_modules/coffee-script unbuild
46 info preuninstall coffee-script@1.2.0
47 info uninstall coffee-script@1.2.0
48 verbose true,/usr/local/lib/node_modules,/usr/local/lib/node_modules unbuild coffee-script@1.2.0
49 verbose /usr/local/bin,[object Object] binRoot
50 info postuninstall coffee-script@1.2.0
51 verbose tar unpack /Users/ianva/.npm/coffee-script/1.9.2/package.tgz
52 silly lockFile 865d9b08-l-lib-node-modules-coffee-script tar:///usr/local/lib/node_modules/coffee-script
53 verbose lock tar:///usr/local/lib/node_modules/coffee-script /Users/ianva/.npm/865d9b08-l-lib-node-modules-coffee-script.lock
54 silly lockFile 3048e5d0--coffee-script-1-9-2-package-tgz tar:///Users/ianva/.npm/coffee-script/1.9.2/package.tgz
55 verbose lock tar:///Users/ianva/.npm/coffee-script/1.9.2/package.tgz /Users/ianva/.npm/3048e5d0--coffee-script-1-9-2-package-tgz.lock
56 silly gunzTarPerm modes [ '755', '644' ]
57 silly gunzTarPerm extractEntry package.json
58 silly gunzTarPerm extractEntry .npmignore
59 silly gunzTarPerm extractEntry README.md
60 silly gunzTarPerm extractEntry LICENSE
61 silly gunzTarPerm extractEntry register.js
62 silly gunzTarPerm extractEntry repl.js
63 silly gunzTarPerm extractEntry bin/cake
64 silly gunzTarPerm extractEntry bin/coffee
65 silly gunzTarPerm extractEntry bower.json
66 silly gunzTarPerm extractEntry CONTRIBUTING.md
67 silly gunzTarPerm extractEntry lib/coffee-script/browser.js
68 silly gunzTarPerm extractEntry lib/coffee-script/grammar.js
69 silly gunzTarPerm extractEntry lib/coffee-script/helpers.js
70 silly gunzTarPerm extractEntry lib/coffee-script/index.js
71 silly gunzTarPerm extractEntry lib/coffee-script/lexer.js
72 silly gunzTarPerm extractEntry lib/coffee-script/command.js
73 silly gunzTarPerm extractEntry lib/coffee-script/optparse.js
74 silly gunzTarPerm extractEntry lib/coffee-script/parser.js
75 silly gunzTarPerm extractEntry lib/coffee-script/register.js
76 silly gunzTarPerm extractEntry lib/coffee-script/repl.js
77 silly gunzTarPerm extractEntry lib/coffee-script/rewriter.js
78 silly gunzTarPerm extractEntry lib/coffee-script/coffee-script.js
79 silly gunzTarPerm extractEntry lib/coffee-script/scope.js
80 silly gunzTarPerm extractEntry lib/coffee-script/cake.js
81 silly gunzTarPerm extractEntry lib/coffee-script/sourcemap.js
82 silly gunzTarPerm extractEntry lib/coffee-script/nodes.js
83 silly gunzTarPerm extractEntry CNAME
84 silly lockFile 865d9b08-l-lib-node-modules-coffee-script tar:///usr/local/lib/node_modules/coffee-script
85 silly lockFile 865d9b08-l-lib-node-modules-coffee-script tar:///usr/local/lib/node_modules/coffee-script
86 silly lockFile 3048e5d0--coffee-script-1-9-2-package-tgz tar:///Users/ianva/.npm/coffee-script/1.9.2/package.tgz
87 silly lockFile 3048e5d0--coffee-script-1-9-2-package-tgz tar:///Users/ianva/.npm/coffee-script/1.9.2/package.tgz
88 info preinstall coffee-script@1.9.2
89 verbose readDependencies using package.json deps
90 verbose readDependencies using package.json deps
91 silly resolved []
92 verbose about to build /usr/local/lib/node_modules/coffee-script
93 info build /usr/local/lib/node_modules/coffee-script
94 verbose linkStuff [ true,
94 verbose linkStuff   '/usr/local/lib/node_modules',
94 verbose linkStuff   true,
94 verbose linkStuff   '/usr/local/lib/node_modules' ]
95 info linkStuff coffee-script@1.9.2
96 verbose linkBins coffee-script@1.9.2
97 verbose link bins [ { coffee: './bin/coffee', cake: './bin/cake' },
97 verbose link bins   '/usr/local/bin',
97 verbose link bins   true ]
98 verbose linkMans coffee-script@1.9.2
99 verbose rebuildBundles coffee-script@1.9.2
100 info install coffee-script@1.9.2
101 info postinstall coffee-script@1.9.2
102 error peerinvalid The package yo does not satisfy its siblings' peerDependencies requirements!
102 error peerinvalid Peer generator-angular@0.9.5 wants yo@>=1.0.0
102 error peerinvalid Peer generator-arsk@0.0.4 wants yo@>=1.0.0-rc.1
102 error peerinvalid Peer generator-backbone@0.1.9 wants yo@>=1.0.0-rc.1.1
102 error peerinvalid Peer generator-eslint@0.1.0 wants yo@>=1.0.0
102 error peerinvalid Peer generator-flutter@0.0.0 wants yo@>=1.0.0
102 error peerinvalid Peer generator-generator@0.4.1 wants yo@>=1.0.0
102 error peerinvalid Peer generator-jasmine-jquery-plugin@0.0.1 wants yo@>=1.0.0-rc.1
102 error peerinvalid Peer generator-karma@0.8.3 wants yo@>=1.0.0
102 error peerinvalid Peer generator-ozjs@0.2.2 wants yo@~1.0.0-rc.1.1
102 error peerinvalid Peer generator-raven@0.0.0 wants yo@>=1.0.0-rc.1
102 error peerinvalid Peer generator-react-gulp-browserify@0.0.22 wants yo@>=1.0.0
102 error peerinvalid Peer generator-react-webpack@1.1.15 wants yo@>=1.2.0
103 error System Darwin 14.0.0
104 error command "node" "/usr/local/bin/npm" "install" "-g" "coffee-script"
105 error cwd /Users/ianva/git/shijiebang/tos-styl/tools/grunt-contrib-sjbstyl/tasks
106 error node -v v0.10.29
107 error npm -v 1.4.14
108 error code EPEERINVALID
109 verbose exit [ 1, true ]
